--- 矩陣乘法測試腳本 ---
測試時間: Sat Dec 13 12:11:30 AM CST 2025
執行模式: par
測試維度: 64 128 256 512 1024 2048 4096 8192 16384
---
-> 編譯程式...

--- 測試 N=64 ---
-> 執行 par: srun -p nvidia -n1 --gres=gpu:1  ./strassen_par 64 ../dataset/A_64 ../dataset/B_64 ../dataset/C_64
Error: N=64 must be positive and divisible by TILE=512. TILE must be even.
srun: error: apollo-nv-vm2: task 0: Exited with exit code 1
警告: par 在 N=64 執行失敗 (退出碼 1)

--- 測試 N=128 ---
-> 執行 par: srun -p nvidia -n1 --gres=gpu:1  ./strassen_par 128 ../dataset/A_128 ../dataset/B_128 ../dataset/C_128
Error: N=128 must be positive and divisible by TILE=512. TILE must be even.
srun: error: apollo-nv-vm3: task 0: Exited with exit code 1
警告: par 在 N=128 執行失敗 (退出碼 1)

--- 測試 N=256 ---
-> 執行 par: srun -p nvidia -n1 --gres=gpu:1  ./strassen_par 256 ../dataset/A_256 ../dataset/B_256 ../dataset/C_256
srun: error: apollo-nv-vm2: task 0: Exited with exit code 1
Error: N=256 must be positive and divisible by TILE=512. TILE must be even.
警告: par 在 N=256 執行失敗 (退出碼 1)

--- 測試 N=512 ---
-> 執行 par: srun -p nvidia -n1 --gres=gpu:1  ./strassen_par 512 ../dataset/A_512 ../dataset/B_512 ../dataset/C_512
Loading data for N=512 with TILE=512 (Strassen inside tiles)...
Computing tiled Strassen matrix multiplication...
Progress: 1/1 tile rows completed
Total computing time: 0.005545 s
Computation complete. Checking correctness...
Maximum error: 0.000183
SUCCESS: Result matches loaded answer C.

--- 測試 N=1024 ---
-> 執行 par: srun -p nvidia -n1 --gres=gpu:1  ./strassen_par 1024 ../dataset/A_1024 ../dataset/B_1024 ../dataset/C_1024
Loading data for N=1024 with TILE=512 (Strassen inside tiles)...
Computing tiled Strassen matrix multiplication...
Progress: 1/2 tile rows completed
Progress: 2/2 tile rows completed
Total computing time: 0.123941 s
Computation complete. Checking correctness...
Maximum error: 0.000644
SUCCESS: Result matches loaded answer C.

--- 測試 N=2048 ---
-> 執行 par: srun -p nvidia -n1 --gres=gpu:1  ./strassen_par 2048 ../dataset/A_2048 ../dataset/B_2048 ../dataset/C_2048
Loading data for N=2048 with TILE=512 (Strassen inside tiles)...
Computing tiled Strassen matrix multiplication...
Progress: 1/4 tile rows completed
Progress: 2/4 tile rows completed
Progress: 3/4 tile rows completed
Progress: 4/4 tile rows completed
Total computing time: 0.138696 s
Computation complete. Checking correctness...
Maximum error: 0.001617
SUCCESS: Result matches loaded answer C.

--- 測試 N=4096 ---
-> 執行 par: srun -p nvidia -n1 --gres=gpu:1  ./strassen_par 4096 ../dataset/A_4096 ../dataset/B_4096 ../dataset/C_4096
Loading data for N=4096 with TILE=512 (Strassen inside tiles)...
Computing tiled Strassen matrix multiplication...
Progress: 1/8 tile rows completed
Progress: 2/8 tile rows completed
Progress: 3/8 tile rows completed
Progress: 4/8 tile rows completed
Progress: 5/8 tile rows completed
Progress: 6/8 tile rows completed
Progress: 7/8 tile rows completed
Progress: 8/8 tile rows completed
Total computing time: 0.947343 s
Computation complete. Checking correctness...
Maximum error: 0.004845
SUCCESS: Result matches loaded answer C.

--- 測試 N=8192 ---
-> 執行 par: srun -p nvidia -n1 --gres=gpu:1  ./strassen_par 8192 ../dataset/A_8192 ../dataset/B_8192 ../dataset/C_8192
Loading data for N=8192 with TILE=512 (Strassen inside tiles)...
Computing tiled Strassen matrix multiplication...
Progress: 1/16 tile rows completed
Progress: 2/16 tile rows completed
Progress: 3/16 tile rows completed
Progress: 4/16 tile rows completed
Progress: 5/16 tile rows completed
Progress: 6/16 tile rows completed
Progress: 7/16 tile rows completed
Progress: 8/16 tile rows completed
Progress: 9/16 tile rows completed
Progress: 10/16 tile rows completed
Progress: 11/16 tile rows completed
Progress: 12/16 tile rows completed
Progress: 13/16 tile rows completed
Progress: 14/16 tile rows completed
Progress: 15/16 tile rows completed
Progress: 16/16 tile rows completed
Total computing time: 7.080434 s
Computation complete. Checking correctness...
Maximum error: 150.888853
SUCCESS: Result matches loaded answer C.

--- 測試 N=16384 ---
警告: 缺少資料檔 (A_16384, B_16384, C_16384)，跳過 N=16384

--- 測試完成 ---
